{"numFailedTestSuites":0,"numFailedTests":0,"numPassedTestSuites":1,"numPassedTests":2,"numPendingTestSuites":0,"numPendingTests":0,"numRuntimeErrorTestSuites":0,"numTodoTests":0,"numTotalTestSuites":1,"numTotalTests":2,"openHandles":[],"snapshot":{"added":0,"didUpdate":false,"failure":false,"filesAdded":0,"filesRemoved":0,"filesRemovedList":[],"filesUnmatched":0,"filesUpdated":0,"matched":0,"total":0,"unchecked":0,"uncheckedKeysByFile":[],"unmatched":0,"updated":0},"startTime":1790314822950,"success":true,"testResults":[{"assertionResults":[{"ancestorTitles":["Monthly report service regressions"],"duration":5,"failureDetails":[],"failureMessages":[],"fullName":"Monthly report service regressions sales by category, cash flow, and AP aging all return structured payloads","invocations":1,"location":null,"numPassingAsserts":5,"retryReasons":[],"status":"passed","title":"sales by category, cash flow, and AP aging all return structured payloads"},{"ancestorTitles":["Annual report service regressions"],"duration":2,"failureDetails":[],"failureMessages":[],"fullName":"Annual report service regressions annual tax summary uses expense withholding tax instead of unsupported invoice and purchase filters","invocations":1,"location":null,"numPassingAsserts":4,"retryReasons":[],"status":"passed","title":"annual tax summary uses expense withholding tax instead of unsupported invoice and purchase filters"}],"endTime":1790314824215,"message":"","name":"D:\\Stock-management\\Stock_tenancy_system\\test\\monthlyReportsService.test.js","startTime":1790314823012,"status":"passed","summary":""}],"wasInterrupted":false}
